<?xml version="1.0" encoding="UTF-8"?>
<testng-results skipped="0" failed="0" total="1" passed="1">
  <reporter-output>
  </reporter-output>
  <suite name="Default suite" duration-ms="33" started-at="2022-12-21T15:02:32Z" finished-at="2022-12-21T15:02:32Z">
    <groups>
    </groups>
    <test name="Default test" duration-ms="33" started-at="2022-12-21T15:02:32Z" finished-at="2022-12-21T15:02:32Z">
      <class name="com.login.Hello_Test">
        <test-method status="PASS" signature="helloTest()[pri:0, instance:com.login.Hello_Test@2667f029]" name="helloTest" duration-ms="15" started-at="2022-12-21T20:32:32Z" finished-at="2022-12-21T20:32:32Z">
          <reporter-output>
          </reporter-output>
        </test-method> <!-- helloTest -->
      </class> <!-- com.login.Hello_Test -->
    </test> <!-- Default test -->
  </suite> <!-- Default suite -->
</testng-results>
